# JRE version: Java(TM) SE Runtime Environment (22.0.1+8) (build 22.0.1+8-16)
# Java VM: Java HotSpot(TM) 64-Bit Server VM (22.0.1+8-16, mixed mode, emulated-client, sharing, tiered, compressed oops, compressed class ptrs, g1 gc, windows-amd64)
GC Precious Log:
 CardTable entry size: 512
 Card Set container configuration: InlinePtr #cards 5 size 8 Array Of Cards #cards 12 size 40 Howl #buckets 4 coarsen threshold 1843 Howl Bitmap #cards 512 size 80 coarsen threshold 460 Card regions per heap region 1 cards per card region 2048
 CPUs: 8 total, 8 available
 Memory: 7103M
 Large Page Support: Disabled
 NUMA Support: Disabled
 Compressed Oops: Enabled (32-bit)
 Heap Region Size: 1M
 Heap Min Capacity: 8M
 Heap Initial Capacity: 112M
 Heap Max Capacity: 1776M
 Pre-touch: Disabled
 Parallel Workers: 8
 Concurrent Workers: 2
 Concurrent Refinement Workers: 8
 Periodic GC: Disabled
Heap:
 garbage-first heap   total reserved 1818624K, committed 70656K, used 64249K [0x0000000091000000, 0x0000000100000000)
  region size 1024K, 28 young (28672K), 3 survivors (3072K)
 Metaspace       used 80858K, committed 81600K, reserved 1179648K
  class space    used 11714K, committed 12032K, reserved 1048576K
GC Heap History (20 events):
Event: 22.595 GC heap after
{Heap after GC invocations=18 (full 0):
 garbage-first heap   total reserved 1818624K, committed 55296K, used 30373K [0x0000000091000000, 0x0000000100000000)
  region size 1024K, 2 young (2048K), 2 survivors (2048K)
 Metaspace       used 64440K, committed 65216K, reserved 1114112K
  class space    used 9342K, committed 9664K, reserved 1048576K
}
Event: 23.386 GC heap before
{Heap before GC invocations=18 (full 0):
 garbage-first heap   total reserved 1818624K, committed 55296K, used 47781K [0x0000000091000000, 0x0000000100000000)
  region size 1024K, 20 young (20480K), 2 survivors (2048K)
 Metaspace       used 68008K, committed 68736K, reserved 1114112K
  class space    used 9827K, committed 10176K, reserved 1048576K
}
Event: 23.390 GC heap after
{Heap after GC invocations=19 (full 0):
 garbage-first heap   total reserved 1818624K, committed 55296K, used 32248K [0x0000000091000000, 0x0000000100000000)
  region size 1024K, 3 young (3072K), 3 survivors (3072K)
 Metaspace       used 68008K, committed 68736K, reserved 1114112K
  class space    used 9827K, committed 10176K, reserved 1048576K
}
Event: 23.824 GC heap before
{Heap before GC invocations=20 (full 0):
 garbage-first heap   total reserved 1818624K, committed 55296K, used 47608K [0x0000000091000000, 0x0000000100000000)
  region size 1024K, 18 young (18432K), 3 survivors (3072K)
 Metaspace       used 68691K, committed 69504K, reserved 1114112K
  class space    used 9934K, committed 10304K, reserved 1048576K
}
Event: 23.828 GC heap after
{Heap after GC invocations=21 (full 0):
 garbage-first heap   total reserved 1818624K, committed 55296K, used 34263K [0x0000000091000000, 0x0000000100000000)
  region size 1024K, 2 young (2048K), 2 survivors (2048K)
 Metaspace       used 68691K, committed 69504K, reserved 1114112K
  class space    used 9934K, committed 10304K, reserved 1048576K
}
Event: 24.110 GC heap before
{Heap before GC invocations=21 (full 0):
 garbage-first heap   total reserved 1818624K, committed 55296K, used 48599K [0x0000000091000000, 0x0000000100000000)
  region size 1024K, 16 young (16384K), 2 survivors (2048K)
 Metaspace       used 69432K, committed 70208K, reserved 1114112K
  class space    used 10032K, committed 10368K, reserved 1048576K
}
Event: 24.114 GC heap after
{Heap after GC invocations=22 (full 0):
 garbage-first heap   total reserved 1818624K, committed 55296K, used 35320K [0x0000000091000000, 0x0000000100000000)
  region size 1024K, 2 young (2048K), 2 survivors (2048K)
 Metaspace       used 69432K, committed 70208K, reserved 1114112K
  class space    used 10032K, committed 10368K, reserved 1048576K
}
Event: 24.644 GC heap before
{Heap before GC invocations=22 (full 0):
 garbage-first heap   total reserved 1818624K, committed 55296K, used 47608K [0x0000000091000000, 0x0000000100000000)
  region size 1024K, 14 young (14336K), 2 survivors (2048K)
 Metaspace       used 71344K, committed 72128K, reserved 1114112K
  class space    used 10329K, committed 10688K, reserved 1048576K
}
Event: 24.647 GC heap after
{Heap after GC invocations=23 (full 0):
 garbage-first heap   total reserved 1818624K, committed 55296K, used 36470K [0x0000000091000000, 0x0000000100000000)
  region size 1024K, 2 young (2048K), 2 survivors (2048K)
 Metaspace       used 71344K, committed 72128K, reserved 1114112K
  class space    used 10329K, committed 10688K, reserved 1048576K
}
Event: 25.021 GC heap before
{Heap before GC invocations=24 (full 0):
 garbage-first heap   total reserved 1818624K, committed 63488K, used 46710K [0x0000000091000000, 0x0000000100000000)
  region size 1024K, 13 young (13312K), 2 survivors (2048K)
 Metaspace       used 72181K, committed 73024K, reserved 1114112K
  class space    used 10439K, committed 10816K, reserved 1048576K
}
Event: 25.024 GC heap after
{Heap after GC invocations=25 (full 0):
 garbage-first heap   total reserved 1818624K, committed 63488K, used 37543K [0x0000000091000000, 0x0000000100000000)
  region size 1024K, 2 young (2048K), 2 survivors (2048K)
 Metaspace       used 72181K, committed 73024K, reserved 1114112K
  class space    used 10439K, committed 10816K, reserved 1048576K
}
Event: 25.826 GC heap before
{Heap before GC invocations=25 (full 0):
 garbage-first heap   total reserved 1818624K, committed 63488K, used 55975K [0x0000000091000000, 0x0000000100000000)
  region size 1024K, 20 young (20480K), 2 survivors (2048K)
 Metaspace       used 74138K, committed 75008K, reserved 1114112K
  class space    used 10743K, committed 11136K, reserved 1048576K
}
Event: 25.832 GC heap after
{Heap after GC invocations=26 (full 0):
 garbage-first heap   total reserved 1818624K, committed 63488K, used 38890K [0x0000000091000000, 0x0000000100000000)
  region size 1024K, 3 young (3072K), 3 survivors (3072K)
 Metaspace       used 74138K, committed 75008K, reserved 1114112K
  class space    used 10743K, committed 11136K, reserved 1048576K
}
Event: 368.426 GC heap before
{Heap before GC invocations=26 (full 0):
 garbage-first heap   total reserved 1818624K, committed 63488K, used 56298K [0x0000000091000000, 0x0000000100000000)
  region size 1024K, 20 young (20480K), 3 survivors (3072K)
 Metaspace       used 74865K, committed 75712K, reserved 1114112K
  class space    used 10864K, committed 11264K, reserved 1048576K
}
Event: 368.539 GC heap after
{Heap after GC invocations=27 (full 0):
 garbage-first heap   total reserved 1818624K, committed 63488K, used 40044K [0x0000000091000000, 0x0000000100000000)
  region size 1024K, 2 young (2048K), 2 survivors (2048K)
 Metaspace       used 74865K, committed 75712K, reserved 1114112K
  class space    used 10864K, committed 11264K, reserved 1048576K
}
Event: 1069.234 GC heap before
{Heap before GC invocations=28 (full 0):
 garbage-first heap   total reserved 1818624K, committed 68608K, used 56428K [0x0000000091000000, 0x0000000100000000)
  region size 1024K, 18 young (18432K), 2 survivors (2048K)
 Metaspace       used 74518K, committed 75712K, reserved 1114112K
  class space    used 10769K, committed 11264K, reserved 1048576K
}
Event: 1069.341 GC heap after
{Heap after GC invocations=29 (full 0):
 garbage-first heap   total reserved 1818624K, committed 68608K, used 39731K [0x0000000091000000, 0x0000000100000000)
  region size 1024K, 1 young (1024K), 1 survivors (1024K)
 Metaspace       used 74518K, committed 75712K, reserved 1114112K
  class space    used 10769K, committed 11264K, reserved 1048576K
}
Event: 1438.460 GC heap before
{Heap before GC invocations=29 (full 0):
 garbage-first heap   total reserved 1818624K, committed 68608K, used 62259K [0x0000000091000000, 0x0000000100000000)
  region size 1024K, 24 young (24576K), 1 survivors (1024K)
 Metaspace       used 78457K, committed 79232K, reserved 1179648K
  class space    used 11357K, committed 11712K, reserved 1048576K
}
Event: 1438.518 GC heap after
{Heap after GC invocations=30 (full 0):
 garbage-first heap   total reserved 1818624K, committed 70656K, used 38649K [0x0000000091000000, 0x0000000100000000)
  region size 1024K, 2 young (2048K), 2 survivors (2048K)
 Metaspace       used 78457K, committed 79232K, reserved 1179648K
  class space    used 11357K, committed 11712K, reserved 1048576K
}
Event: 1781.172 GC heap before
{Heap before GC invocations=30 (full 0):
 garbage-first heap   total reserved 1818624K, committed 70656K, used 63225K [0x0000000091000000, 0x0000000100000000)
  region size 1024K, 27 young (27648K), 2 survivors (2048K)
 Metaspace       used 80858K, committed 81600K, reserved 1179648K
  class space    used 11714K, committed 12032K, reserved 1048576K
}

